<?xml version="1.0" encoding="UTF-8"?>
<testsuite xmlns:xsi="http://www.w3.org/2001/XMLSchema-instance" xsi:noNamespaceSchemaLocation="https://maven.apache.org/surefire/maven-surefire-plugin/xsd/surefire-test-report-3.0.xsd" version="3.0" name="com.example.FileHandlerTest" time="0.068" tests="4" errors="0" skipped="0" failures="0">
  <properties>
    <property name="java.specification.version" value="22"/>
    <property name="javafx.runtime.version" value="19.0.2+1"/>
    <property name="sun.jnu.encoding" value="UTF-8"/>
    <property name="java.class.path" value="/home/i3hunor/Suli/Prog3/nagyHF/Fasz/mp3java/target/test-classes:/home/i3hunor/.m2/repository/org/openjfx/javafx-controls/19.0.2/javafx-controls-19.0.2.jar:/home/i3hunor/.m2/repository/org/openjfx/javafx-graphics/19.0.2/javafx-graphics-19.0.2.jar:/home/i3hunor/.m2/repository/org/openjfx/javafx-base/19.0.2/javafx-base-19.0.2.jar:/home/i3hunor/.m2/repository/org/openjfx/javafx-fxml/19.0.2/javafx-fxml-19.0.2.jar:/home/i3hunor/.m2/repository/org/openjfx/javafx-media/19.0.2/javafx-media-19.0.2.jar:/home/i3hunor/.m2/repository/org/junit/jupiter/junit-jupiter-api/5.7.0/junit-jupiter-api-5.7.0.jar:/home/i3hunor/.m2/repository/org/apiguardian/apiguardian-api/1.1.0/apiguardian-api-1.1.0.jar:/home/i3hunor/.m2/repository/org/opentest4j/opentest4j/1.2.0/opentest4j-1.2.0.jar:/home/i3hunor/.m2/repository/org/junit/platform/junit-platform-commons/1.7.0/junit-platform-commons-1.7.0.jar:/home/i3hunor/.m2/repository/org/junit/jupiter/junit-jupiter-engine/5.7.0/junit-jupiter-engine-5.7.0.jar:/home/i3hunor/.m2/repository/org/junit/platform/junit-platform-engine/1.7.0/junit-platform-engine-1.7.0.jar:"/>
    <property name="sun.awt.enableExtraMouseButtons" value="true"/>
    <property name="java.vm.vendor" value="Arch Linux"/>
    <property name="sun.arch.data.model" value="64"/>
    <property name="java.vendor.url" value="https://openjdk.org/"/>
    <property name="user.timezone" value="Europe/Budapest"/>
    <property name="os.name" value="Linux"/>
    <property name="java.vm.specification.version" value="22"/>
    <property name="javafx.version" value="19.0.2"/>
    <property name="sun.java.launcher" value="SUN_STANDARD"/>
    <property name="user.country" value="US"/>
    <property name="sun.boot.library.path" value="/usr/lib/jvm/java-22-openjdk/lib"/>
    <property name="sun.java.command" value="org.apache.maven.surefire.booter.ForkedBooter /home/i3hunor/Suli/Prog3/nagyHF/Fasz/mp3java/target/surefire 2024-11-23T18-43-02_190-jvmRun1 surefire-20241123184302564_1tmp surefire_0-20241123184302564_2tmp"/>
    <property name="jdk.debug" value="release"/>
    <property name="surefire.test.class.path" value="/home/i3hunor/Suli/Prog3/nagyHF/Fasz/mp3java/target/test-classes:/home/i3hunor/.m2/repository/org/openjfx/javafx-controls/19.0.2/javafx-controls-19.0.2.jar:/home/i3hunor/.m2/repository/org/openjfx/javafx-graphics/19.0.2/javafx-graphics-19.0.2.jar:/home/i3hunor/.m2/repository/org/openjfx/javafx-base/19.0.2/javafx-base-19.0.2.jar:/home/i3hunor/.m2/repository/org/openjfx/javafx-fxml/19.0.2/javafx-fxml-19.0.2.jar:/home/i3hunor/.m2/repository/org/openjfx/javafx-media/19.0.2/javafx-media-19.0.2.jar:/home/i3hunor/.m2/repository/org/junit/jupiter/junit-jupiter-api/5.7.0/junit-jupiter-api-5.7.0.jar:/home/i3hunor/.m2/repository/org/apiguardian/apiguardian-api/1.1.0/apiguardian-api-1.1.0.jar:/home/i3hunor/.m2/repository/org/opentest4j/opentest4j/1.2.0/opentest4j-1.2.0.jar:/home/i3hunor/.m2/repository/org/junit/platform/junit-platform-commons/1.7.0/junit-platform-commons-1.7.0.jar:/home/i3hunor/.m2/repository/org/junit/jupiter/junit-jupiter-engine/5.7.0/junit-jupiter-engine-5.7.0.jar:/home/i3hunor/.m2/repository/org/junit/platform/junit-platform-engine/1.7.0/junit-platform-engine-1.7.0.jar:"/>
    <property name="sun.cpu.endian" value="little"/>
    <property name="user.home" value="/home/i3hunor"/>
    <property name="user.language" value="en"/>
    <property name="java.specification.vendor" value="Oracle Corporation"/>
    <property name="jdk.module.path" value="/home/i3hunor/Suli/Prog3/nagyHF/Fasz/mp3java/target/classes:/home/i3hunor/.m2/repository/org/openjfx/javafx-controls/19.0.2/javafx-controls-19.0.2-linux.jar:/home/i3hunor/.m2/repository/org/openjfx/javafx-graphics/19.0.2/javafx-graphics-19.0.2-linux.jar:/home/i3hunor/.m2/repository/org/openjfx/javafx-base/19.0.2/javafx-base-19.0.2-linux.jar:/home/i3hunor/.m2/repository/org/openjfx/javafx-fxml/19.0.2/javafx-fxml-19.0.2-linux.jar:/home/i3hunor/.m2/repository/org/openjfx/javafx-media/19.0.2/javafx-media-19.0.2-linux.jar:/home/i3hunor/.m2/repository/com/mpatric/mp3agic/0.9.1/mp3agic-0.9.1.jar:/home/i3hunor/.m2/repository/com/google/code/gson/gson/2.10.1/gson-2.10.1.jar"/>
    <property name="java.version.date" value="2024-07-16"/>
    <property name="java.home" value="/usr/lib/jvm/java-22-openjdk"/>
    <property name="file.separator" value="/"/>
    <property name="basedir" value="/home/i3hunor/Suli/Prog3/nagyHF/Fasz/mp3java"/>
    <property name="java.vm.compressedOopsMode" value="32-bit"/>
    <property name="line.separator" value="&#10;"/>
    <property name="java.specification.name" value="Java Platform API Specification"/>
    <property name="java.vm.specification.vendor" value="Oracle Corporation"/>
    <property name="surefire.real.class.path" value="/home/i3hunor/.m2/repository/org/apache/maven/surefire/surefire-booter/3.2.5/surefire-booter-3.2.5.jar:/home/i3hunor/.m2/repository/org/apache/maven/surefire/surefire-api/3.2.5/surefire-api-3.2.5.jar:/home/i3hunor/.m2/repository/org/apache/maven/surefire/surefire-logger-api/3.2.5/surefire-logger-api-3.2.5.jar:/home/i3hunor/.m2/repository/org/apache/maven/surefire/surefire-shared-utils/3.2.5/surefire-shared-utils-3.2.5.jar:/home/i3hunor/.m2/repository/org/apache/maven/surefire/surefire-extensions-spi/3.2.5/surefire-extensions-spi-3.2.5.jar:/home/i3hunor/Suli/Prog3/nagyHF/Fasz/mp3java/target/test-classes:/home/i3hunor/.m2/repository/org/openjfx/javafx-controls/19.0.2/javafx-controls-19.0.2.jar:/home/i3hunor/.m2/repository/org/openjfx/javafx-graphics/19.0.2/javafx-graphics-19.0.2.jar:/home/i3hunor/.m2/repository/org/openjfx/javafx-base/19.0.2/javafx-base-19.0.2.jar:/home/i3hunor/.m2/repository/org/openjfx/javafx-fxml/19.0.2/javafx-fxml-19.0.2.jar:/home/i3hunor/.m2/repository/org/openjfx/javafx-media/19.0.2/javafx-media-19.0.2.jar:/home/i3hunor/.m2/repository/org/junit/jupiter/junit-jupiter-api/5.7.0/junit-jupiter-api-5.7.0.jar:/home/i3hunor/.m2/repository/org/apiguardian/apiguardian-api/1.1.0/apiguardian-api-1.1.0.jar:/home/i3hunor/.m2/repository/org/opentest4j/opentest4j/1.2.0/opentest4j-1.2.0.jar:/home/i3hunor/.m2/repository/org/junit/platform/junit-platform-commons/1.7.0/junit-platform-commons-1.7.0.jar:/home/i3hunor/.m2/repository/org/junit/jupiter/junit-jupiter-engine/5.7.0/junit-jupiter-engine-5.7.0.jar:/home/i3hunor/.m2/repository/org/junit/platform/junit-platform-engine/1.7.0/junit-platform-engine-1.7.0.jar:/home/i3hunor/.m2/repository/org/apache/maven/surefire/surefire-junit-platform/3.2.5/surefire-junit-platform-3.2.5.jar:/home/i3hunor/.m2/repository/org/apache/maven/surefire/common-java5/3.2.5/common-java5-3.2.5.jar:/home/i3hunor/.m2/repository/org/junit/platform/junit-platform-launcher/1.7.0/junit-platform-launcher-1.7.0.jar"/>
    <property name="sun.management.compiler" value="HotSpot 64-Bit Tiered Compilers"/>
    <property name="java.runtime.version" value="22.0.2+9"/>
    <property name="user.name" value="i3hunor"/>
    <property name="stdout.encoding" value="UTF-8"/>
    <property name="path.separator" value=":"/>
    <property name="os.version" value="5.15.167-1-MANJARO"/>
    <property name="java.runtime.name" value="OpenJDK Runtime Environment"/>
    <property name="file.encoding" value="UTF-8"/>
    <property name="java.vm.name" value="OpenJDK 64-Bit Server VM"/>
    <property name="localRepository" value="/home/i3hunor/.m2/repository"/>
    <property name="java.vendor.url.bug" value="https://bugreport.java.com/bugreport/"/>
    <property name="java.io.tmpdir" value="/tmp"/>
    <property name="java.version" value="22.0.2"/>
    <property name="user.dir" value="/home/i3hunor/Suli/Prog3/nagyHF/Fasz/mp3java"/>
    <property name="os.arch" value="amd64"/>
    <property name="java.vm.specification.name" value="Java Virtual Machine Specification"/>
    <property name="native.encoding" value="UTF-8"/>
    <property name="java.library.path" value="/usr/java/packages/lib:/usr/lib64:/lib64:/lib:/usr/lib"/>
    <property name="java.vm.info" value="mixed mode"/>
    <property name="stderr.encoding" value="UTF-8"/>
    <property name="java.vendor" value="Arch Linux"/>
    <property name="java.vm.version" value="22.0.2+9"/>
    <property name="sun.io.unicode.encoding" value="UnicodeLittle"/>
    <property name="java.class.version" value="66.0"/>
  </properties>
  <testcase name="testCreateTrackFromPath" classname="com.example.FileHandlerTest" time="0.015"/>
  <testcase name="testReadDir" classname="com.example.FileHandlerTest" time="0.018"/>
  <testcase name="testSearchTracks" classname="com.example.FileHandlerTest" time="0.012"/>
  <testcase name="testWriteAndReadSerialization" classname="com.example.FileHandlerTest" time="0.015">
    <system-out><![CDATA[Written out
]]></system-out>
  </testcase>
</testsuite>